{
  "RSpec": {
    "coverage": {
      "/Users/Yujie/Miscellany/PENN/Fall2016/CIS557/FinalProject/cis-557-projects-fall-2016-archaeologybibliomap/app/controllers/welcome_controller.rb": [
        1,
        null,
        null,
        null,
        null,
        null,
        null,
        null,
        null,
        null,
        null,
        null,
        null,
        null,
        null,
        null,
        null,
        null,
        null,
        null,
        0,
        0,
        0,
        0,
        0,
        0,
        0,
        null,
        null,
        null,
        null,
        0,
        0,
        0,
        0,
        0,
        0,
        null,
        0,
        0,
        0,
        0,
        0,
        0,
        0,
        null,
        0,
        null,
        null,
        null,
        null,
        null
      ]
    },
    "timestamp": 1481002199
  }
}
